2022-12-12 13:56:33.670 [main] INFO  Freerouting v1.6.2 (build-date: 2022-07-13)
2022-12-12 13:56:33.686 [main] INFO  Opening 'C:\Users\crtak\HAN\Jeroen Veen - Effluent\07 Studentprojects\Casper Tak\WaterQualityMonitor\Hardware\Rastaban-HAT\Rastaban-HAT\freerouting.dsn'...
2022-12-12 13:56:34.258 [main] WARN  Non-ansi character '-' found at position 36 just after ''.
2022-12-12 13:56:35.151 [main] INFO  Opening 'freerouting.rules'...
2022-12-12 13:56:35.151 [main] ERROR File 'freerouting.rules' was not found.
2022-12-12 13:56:35.280 [Thread-0] INFO  Starting auto-routing...
2022-12-12 13:56:35.280 [main] TRACE Method 'MainApplication.main()' was performed in 1.69 seconds.
2022-12-12 13:56:40.091 [Thread-0] TRACE Method 'BatchAutorouter.autoroute_pass #1 on board '83141af7d576c4b2866dcdfa1f2fb012' making 309 changes' was performed in 4.64 seconds.
2022-12-12 13:56:43.936 [Thread-0] TRACE Method 'BatchAutorouter.autoroute_pass #2 on board '9b34c26c7af7e7b2f3402eee2547fb23' making 162 changes' was performed in 3.80 seconds.
2022-12-12 13:56:46.637 [Thread-0] TRACE Method 'BatchAutorouter.autoroute_pass #3 on board '2528e9bddfc68c29bc759b036609b124' making 117 changes' was performed in 2.66 seconds.
2022-12-12 13:56:47.217 [Thread-0] TRACE Method 'BatchAutorouter.autoroute_pass #4 on board '45258810a243d4a0e5dbba3df12dd284' making 30 changes' was performed in 0.55 seconds.
2022-12-12 13:56:47.493 [Thread-0] TRACE Method 'BatchAutorouter.autoroute_pass #5 on board 'd3749257c0ae10ffeef12051d0a2fb1f' making 12 changes' was performed in 0.24 seconds.
2022-12-12 13:56:47.885 [Thread-0] TRACE Method 'BatchAutorouter.autoroute_pass #6 on board '2019f3dbfeb32031ccb1ae0f4fe67abe' making 19 changes' was performed in 0.36 seconds.
2022-12-12 13:56:48.231 [Thread-0] TRACE Method 'BatchAutorouter.autoroute_pass #7 on board '5ecdbc250efe6304a49c7eac37f30c2f' making 19 changes' was performed in 0.34 seconds.
2022-12-12 13:56:49.330 [Thread-0] TRACE Method 'BatchAutorouter.autoroute_pass #8 on board '4df4768a85b5b51a4a7aa349030e8709' making 22 changes' was performed in 1.08 seconds.
2022-12-12 13:56:49.588 [Thread-0] TRACE Method 'BatchAutorouter.autoroute_pass #9 on board '876fcb3af801a401d6ab90c217539da3' making 8 changes' was performed in 0.24 seconds.
2022-12-12 13:56:49.863 [Thread-0] TRACE Method 'BatchAutorouter.autoroute_pass #10 on board '55b61964a015277f0942e395946713a2' making 10 changes' was performed in 0.27 seconds.
2022-12-12 13:56:50.036 [Thread-0] TRACE Method 'BatchAutorouter.autoroute_pass #11 on board 'e624a685534d86b6728355c31ecb5a53' making 6 changes' was performed in 0.16 seconds.
2022-12-12 13:56:50.224 [Thread-0] TRACE Method 'BatchAutorouter.autoroute_pass #12 on board '1cbc85d164105de70d3ab7552394f686' making 6 changes' was performed in 0.16 seconds.
2022-12-12 13:56:50.428 [Thread-0] TRACE Method 'BatchAutorouter.autoroute_pass #13 on board '3e4c4ba633283ef14ca0cce2fcc52b73' making 6 changes' was performed in 0.19 seconds.
2022-12-12 13:56:50.617 [Thread-0] TRACE Method 'BatchAutorouter.autoroute_pass #14 on board 'c2bf809b14e677894e0113338b5868e1' making 6 changes' was performed in 0.17 seconds.
2022-12-12 13:56:50.791 [Thread-0] TRACE Method 'BatchAutorouter.autoroute_pass #15 on board '73cb962584a21d2d98ab783616d4284e' making 6 changes' was performed in 0.16 seconds.
2022-12-12 13:56:50.978 [Thread-0] TRACE Method 'BatchAutorouter.autoroute_pass #16 on board 'f7c19709650f39862131ed1442985069' making 6 changes' was performed in 0.17 seconds.
2022-12-12 13:56:51.166 [Thread-0] TRACE Method 'BatchAutorouter.autoroute_pass #17 on board 'c0f412d30cd47ea1bb77749c2bd19b5d' making 6 changes' was performed in 0.17 seconds.
2022-12-12 13:56:51.385 [Thread-0] TRACE Method 'BatchAutorouter.autoroute_pass #18 on board '289d872e30b84a0c6f313b9fab14c835' making 6 changes' was performed in 0.20 seconds.
2022-12-12 13:56:51.592 [Thread-0] TRACE Method 'BatchAutorouter.autoroute_pass #19 on board 'fa6c2c9e0ac520024fa7a1dad09c8c68' making 6 changes' was performed in 0.19 seconds.
2022-12-12 13:56:51.762 [Thread-0] TRACE Method 'BatchAutorouter.autoroute_pass #20 on board '2dbf9030ae0f8830ad265bf7946f126b' making 6 changes' was performed in 0.16 seconds.
2022-12-12 13:56:51.935 [Thread-0] TRACE Method 'BatchAutorouter.autoroute_pass #21 on board '9e77c380842bb52de0110768431de6fd' making 6 changes' was performed in 0.16 seconds.
2022-12-12 13:56:52.107 [Thread-0] WARN  There were only 15.45 changes in the last 20 passes, so it's very likely that autorouter can't improve the result much further. It is recommended to stop it and finish the board manually.
2022-12-12 13:56:52.107 [Thread-0] TRACE Method 'BatchAutorouter.autoroute_pass #22 on board 'ff66f13ec3b916e75c863861881c3071' making 6 changes' was performed in 0.16 seconds.
2022-12-12 13:56:52.296 [Thread-0] TRACE Method 'BatchAutorouter.autoroute_pass #23 on board 'b5bcc89b7aac4671e0f7bec042a2693f' making 6 changes' was performed in 0.17 seconds.
2022-12-12 13:56:52.484 [Thread-0] TRACE Method 'BatchAutorouter.autoroute_pass #24 on board '977768bb166f473747b2fbd6f634d62e' making 6 changes' was performed in 0.19 seconds.
2022-12-12 13:56:52.672 [Thread-0] TRACE Method 'BatchAutorouter.autoroute_pass #25 on board '6128cb136fb4566c2900708a769b2f1b' making 6 changes' was performed in 0.17 seconds.
2022-12-12 13:56:52.860 [Thread-0] TRACE Method 'BatchAutorouter.autoroute_pass #26 on board 'a9bb6e6be571b62682f4e6a931e7ea5c' making 6 changes' was performed in 0.17 seconds.
2022-12-12 13:56:53.049 [Thread-0] TRACE Method 'BatchAutorouter.autoroute_pass #27 on board 'c933bd0ab8f0d71ac2f2cd5906f62f5a' making 6 changes' was performed in 0.17 seconds.
2022-12-12 13:56:53.221 [Thread-0] TRACE Method 'BatchAutorouter.autoroute_pass #28 on board '6bada86892e8f2b57c39c52ebc036a25' making 6 changes' was performed in 0.16 seconds.
2022-12-12 13:56:53.396 [Thread-0] TRACE Method 'BatchAutorouter.autoroute_pass #29 on board '5c8fdd5612086c09bbf235a7f93ae294' making 6 changes' was performed in 0.16 seconds.
2022-12-12 13:56:53.598 [Thread-0] TRACE Method 'BatchAutorouter.autoroute_pass #30 on board 'cce26f01bec38ce3d95247a755d7f2c7' making 6 changes' was performed in 0.19 seconds.
2022-12-12 13:56:53.786 [Thread-0] TRACE Method 'BatchAutorouter.autoroute_pass #31 on board '0e466e9208aeb42b8b8b7f8c5a274d86' making 6 changes' was performed in 0.19 seconds.
2022-12-12 13:56:53.959 [Thread-0] TRACE Method 'BatchAutorouter.autoroute_pass #32 on board '49d1d104c5e1806440de6730a7f2e647' making 6 changes' was performed in 0.16 seconds.
2022-12-12 13:56:54.132 [Thread-0] TRACE Method 'BatchAutorouter.autoroute_pass #33 on board 'b0de7fd0b907289c57c12590c076a547' making 6 changes' was performed in 0.16 seconds.
2022-12-12 13:56:54.320 [Thread-0] TRACE Method 'BatchAutorouter.autoroute_pass #34 on board 'e0b0b3d1414518bb1564b4e5031366a0' making 6 changes' was performed in 0.17 seconds.
2022-12-12 13:56:54.508 [Thread-0] TRACE Method 'BatchAutorouter.autoroute_pass #35 on board '36bd70a049e75adfb0292e3b3f3b720d' making 6 changes' was performed in 0.17 seconds.
2022-12-12 13:56:54.698 [Thread-0] TRACE Method 'BatchAutorouter.autoroute_pass #36 on board 'a4810e16c8917b63146e30bb0122870a' making 6 changes' was performed in 0.17 seconds.
2022-12-12 13:56:54.956 [Thread-0] TRACE Method 'BatchAutorouter.autoroute_pass #37 on board '829bdac929710cc4779a9c3a090dd72f' making 6 changes' was performed in 0.24 seconds.
2022-12-12 13:56:55.145 [Thread-0] TRACE Method 'BatchAutorouter.autoroute_pass #38 on board '1e5650b728830a2fac72af9042a87a6e' making 6 changes' was performed in 0.17 seconds.
2022-12-12 13:56:55.317 [Thread-0] TRACE Method 'BatchAutorouter.autoroute_pass #39 on board 'b71098097011af0760a9e0568dced70e' making 6 changes' was performed in 0.16 seconds.
2022-12-12 13:56:55.499 [Thread-0] TRACE Method 'BatchAutorouter.autoroute_pass #40 on board '11c19e0cfe52ecf807a3f7b1ad4eec32' making 6 changes' was performed in 0.17 seconds.
2022-12-12 13:56:55.678 [Thread-0] TRACE Method 'BatchAutorouter.autoroute_pass #41 on board '1c95c9cc81fe733da8a39f846e5da7dc' making 6 changes' was performed in 0.17 seconds.
2022-12-12 13:56:55.866 [Thread-0] TRACE Method 'BatchAutorouter.autoroute_pass #42 on board 'ba8e8a252108870b3696e5100df2c55d' making 6 changes' was performed in 0.17 seconds.
2022-12-12 13:56:56.070 [Thread-0] WARN  There were only 7.95 changes in the last 40 passes, so it's very likely that autorouter can't improve the result much further. It is recommended to stop it and finish the board manually.
2022-12-12 13:56:56.070 [Thread-0] TRACE Method 'BatchAutorouter.autoroute_pass #43 on board '18ed7d691ebb48285daf909b5fe7d2b6' making 6 changes' was performed in 0.19 seconds.
2022-12-12 13:56:56.259 [Thread-0] TRACE Method 'BatchAutorouter.autoroute_pass #44 on board '66c9204d1aa5631c517ac6ae1ac4ee5d' making 6 changes' was performed in 0.17 seconds.
2022-12-12 13:56:56.478 [Thread-0] TRACE Method 'BatchAutorouter.autoroute_pass #45 on board 'c68194002c9bf56083d5cf84c0bf84e1' making 6 changes' was performed in 0.20 seconds.
2022-12-12 13:56:56.682 [Thread-0] TRACE Method 'BatchAutorouter.autoroute_pass #46 on board 'ec48b95ea3cf483374bf52af0c4c44ff' making 6 changes' was performed in 0.18 seconds.
2022-12-12 13:56:56.855 [Thread-0] TRACE Method 'BatchAutorouter.autoroute_pass #47 on board '070b31e0e5502984aa0419d539b26e34' making 6 changes' was performed in 0.17 seconds.
2022-12-12 13:56:57.029 [Thread-0] TRACE Method 'BatchAutorouter.autoroute_pass #48 on board '52a78e17ed754c50b3f17d4e0d8ac8c2' making 6 changes' was performed in 0.16 seconds.
2022-12-12 13:56:57.280 [Thread-0] TRACE Method 'BatchAutorouter.autoroute_pass #49 on board 'ab2b36dbc2ed7be26c40612b7fe3d832' making 6 changes' was performed in 0.22 seconds.
2022-12-12 13:56:57.468 [Thread-0] TRACE Method 'BatchAutorouter.autoroute_pass #50 on board '7baca265d97ba218962b50be7589154b' making 6 changes' was performed in 0.17 seconds.
2022-12-12 13:56:57.642 [Thread-0] TRACE Method 'BatchAutorouter.autoroute_pass #51 on board '48181b08003179f975426da378603580' making 6 changes' was performed in 0.16 seconds.
2022-12-12 13:56:57.830 [Thread-0] TRACE Method 'BatchAutorouter.autoroute_pass #52 on board 'b995d8c60928ce2dd2b7f5c7dd19cfc0' making 6 changes' was performed in 0.17 seconds.
2022-12-12 13:56:57.987 [Thread-0] TRACE Method 'BatchAutorouter.autoroute_pass #53 on board '0a8e63a06ace1b6909694b689259d660' making 6 changes' was performed in 0.16 seconds.
2022-12-12 13:56:58.159 [Thread-0] TRACE Method 'BatchAutorouter.autoroute_pass #54 on board 'e5921ba378bde7f4f6f0841168ea314a' making 6 changes' was performed in 0.16 seconds.
2022-12-12 13:56:58.348 [Thread-0] TRACE Method 'BatchAutorouter.autoroute_pass #55 on board 'dc752f9302542aa3f2c0cdac4f16e02c' making 6 changes' was performed in 0.17 seconds.
2022-12-12 13:56:58.536 [Thread-0] TRACE Method 'BatchAutorouter.autoroute_pass #56 on board '42aeb7aefd1d4cbbadb9104d7baa244d' making 6 changes' was performed in 0.17 seconds.
2022-12-12 13:56:58.724 [Thread-0] TRACE Method 'BatchAutorouter.autoroute_pass #57 on board 'd614a44208490b0894470d34bd371ea5' making 6 changes' was performed in 0.17 seconds.
2022-12-12 13:56:58.906 [Thread-0] TRACE Method 'BatchAutorouter.autoroute_pass #58 on board 'f1decbbe412182327575ba65a28e06d1' making 6 changes' was performed in 0.17 seconds.
2022-12-12 13:56:59.069 [Thread-0] TRACE Method 'BatchAutorouter.autoroute_pass #59 on board '9bc8467dd7c1ab38971627a004d73a20' making 6 changes' was performed in 0.16 seconds.
2022-12-12 13:56:59.241 [Thread-0] TRACE Method 'BatchAutorouter.autoroute_pass #60 on board '93a47335d70dd7e8427f0a2b5c8cd1af' making 6 changes' was performed in 0.16 seconds.
2022-12-12 13:56:59.430 [Thread-0] TRACE Method 'BatchAutorouter.autoroute_pass #61 on board 'bbc8735810a562edd9c90bee3ae19392' making 6 changes' was performed in 0.17 seconds.
2022-12-12 13:56:59.606 [Thread-0] TRACE Method 'BatchAutorouter.autoroute_pass #62 on board '412a49451a0a34bbf834542f4e7b392f' making 6 changes' was performed in 0.16 seconds.
2022-12-12 13:56:59.790 [Thread-0] TRACE Method 'BatchAutorouter.autoroute_pass #63 on board '087041ada05ccb14d0bb863fde4fe80b' making 6 changes' was performed in 0.17 seconds.
2022-12-12 13:56:59.963 [Thread-0] WARN  There were only 6.90 changes in the last 60 passes, so it's very likely that autorouter can't improve the result much further. It is recommended to stop it and finish the board manually.
2022-12-12 13:56:59.963 [Thread-0] TRACE Method 'BatchAutorouter.autoroute_pass #64 on board '15d0696f93f6a771cc7b74b0f8434e6e' making 6 changes' was performed in 0.16 seconds.
2022-12-12 13:57:00.151 [Thread-0] TRACE Method 'BatchAutorouter.autoroute_pass #65 on board '24d6df8b21587c02e721682e6355caaa' making 6 changes' was performed in 0.17 seconds.
2022-12-12 13:57:00.324 [Thread-0] TRACE Method 'BatchAutorouter.autoroute_pass #66 on board 'e69ffa8024477762caa8a811d6f6e295' making 6 changes' was performed in 0.17 seconds.
2022-12-12 13:57:00.512 [Thread-0] TRACE Method 'BatchAutorouter.autoroute_pass #67 on board '7ddd78cfa9fbd0912f69392cb25f330b' making 6 changes' was performed in 0.17 seconds.
2022-12-12 13:57:00.692 [Thread-0] TRACE Method 'BatchAutorouter.autoroute_pass #68 on board 'b1712c0a3d34cf5e525759062e0c7cce' making 6 changes' was performed in 0.16 seconds.
2022-12-12 13:57:00.880 [Thread-0] TRACE Method 'BatchAutorouter.autoroute_pass #69 on board 'c4687d9e32732b45f4711613033b864e' making 6 changes' was performed in 0.17 seconds.
2022-12-12 13:57:01.069 [Thread-0] TRACE Method 'BatchAutorouter.autoroute_pass #70 on board '4015d517de976c1f539e2278458ca4e1' making 6 changes' was performed in 0.16 seconds.
2022-12-12 13:57:01.241 [Thread-0] TRACE Method 'BatchAutorouter.autoroute_pass #71 on board '27b2183c12d27ab8e68855c3bd909361' making 6 changes' was performed in 0.17 seconds.
2022-12-12 13:57:01.414 [Thread-0] TRACE Method 'BatchAutorouter.autoroute_pass #72 on board 'c7128370eee2bb5ffece0a97cb4ee038' making 6 changes' was performed in 0.16 seconds.
2022-12-12 13:57:01.618 [Thread-0] TRACE Method 'BatchAutorouter.autoroute_pass #73 on board '77df3cc7a488e8176c0a7a93fed929a0' making 6 changes' was performed in 0.17 seconds.
2022-12-12 13:57:01.810 [Thread-0] TRACE Method 'BatchAutorouter.autoroute_pass #74 on board '35afef45223f124e4ceafee499bbbbd0' making 6 changes' was performed in 0.18 seconds.
2022-12-12 13:57:01.994 [Thread-0] TRACE Method 'BatchAutorouter.autoroute_pass #75 on board 'ad401b014b0306ae879d8c1b48f16085' making 6 changes' was performed in 0.17 seconds.
2022-12-12 13:57:02.198 [Thread-0] TRACE Method 'BatchAutorouter.autoroute_pass #76 on board 'c71f9013d6e84d81ec0d7ea0158d8925' making 6 changes' was performed in 0.19 seconds.
2022-12-12 13:57:02.418 [Thread-0] TRACE Method 'BatchAutorouter.autoroute_pass #77 on board '74ee50309d7d8ad5fe0788418468be5f' making 6 changes' was performed in 0.20 seconds.
2022-12-12 13:57:02.602 [Thread-0] TRACE Method 'BatchAutorouter.autoroute_pass #78 on board '751fb9f0cee7086cdb3582e6c3d32cd3' making 6 changes' was performed in 0.17 seconds.
2022-12-12 13:57:02.779 [Thread-0] TRACE Method 'BatchAutorouter.autoroute_pass #79 on board '333131d5ac160dd1b0afc929b091d28a' making 6 changes' was performed in 0.17 seconds.
2022-12-12 13:57:02.983 [Thread-0] TRACE Method 'BatchAutorouter.autoroute_pass #80 on board 'e2933b53324f6d8279b8fb93133bf8af' making 6 changes' was performed in 0.19 seconds.
2022-12-12 13:57:03.155 [Thread-0] TRACE Method 'BatchAutorouter.autoroute_pass #81 on board 'e39b860828d6cf82d72bd7df62e0462c' making 6 changes' was performed in 0.16 seconds.
2022-12-12 13:57:03.328 [Thread-0] TRACE Method 'BatchAutorouter.autoroute_pass #82 on board '06aed87521e4677ed899df80de8c8e0b' making 6 changes' was performed in 0.16 seconds.
2022-12-12 13:57:03.500 [Thread-0] TRACE Method 'BatchAutorouter.autoroute_pass #83 on board '11db6f254aae505ab5d9343c553c23fe' making 6 changes' was performed in 0.16 seconds.
2022-12-12 13:57:03.689 [Thread-0] TRACE Method 'BatchAutorouter.autoroute_pass #84 on board 'fb79a05cb97efc07dcf2287b9304debf' making 6 changes' was performed in 0.17 seconds.
2022-12-12 13:57:03.862 [Thread-0] WARN  There were only 6.60 changes in the last 80 passes, so it's very likely that autorouter can't improve the result much further. It is recommended to stop it and finish the board manually.
2022-12-12 13:57:03.862 [Thread-0] TRACE Method 'BatchAutorouter.autoroute_pass #85 on board '4aef13c8653a0f36fb49e6a6501249a4' making 6 changes' was performed in 0.17 seconds.
2022-12-12 13:57:04.066 [Thread-0] TRACE Method 'BatchAutorouter.autoroute_pass #86 on board '032d809f6788edf7f09c5b53f2cade72' making 6 changes' was performed in 0.19 seconds.
2022-12-12 13:57:04.238 [Thread-0] TRACE Method 'BatchAutorouter.autoroute_pass #87 on board '7e2ce0198f89500e9c67f2bc04d00507' making 6 changes' was performed in 0.16 seconds.
2022-12-12 13:57:04.414 [Thread-0] TRACE Method 'BatchAutorouter.autoroute_pass #88 on board '8a171b581e95ed4563f4408646976269' making 6 changes' was performed in 0.16 seconds.
2022-12-12 13:57:04.593 [Thread-0] TRACE Method 'BatchAutorouter.autoroute_pass #89 on board 'e1733d88f23cc418430efe3f273be488' making 6 changes' was performed in 0.17 seconds.
2022-12-12 13:57:04.756 [Thread-0] TRACE Method 'BatchAutorouter.autoroute_pass #90 on board 'cef5e9fd23d4fb642f340e6525696aa8' making 6 changes' was performed in 0.16 seconds.
2022-12-12 13:57:04.944 [Thread-0] TRACE Method 'BatchAutorouter.autoroute_pass #91 on board 'f7a7f63394af6c25cb4bc3048579e2cf' making 6 changes' was performed in 0.17 seconds.
2022-12-12 13:57:05.117 [Thread-0] TRACE Method 'BatchAutorouter.autoroute_pass #92 on board '267bb22aeec4a0b147c88fb52284082b' making 6 changes' was performed in 0.16 seconds.
2022-12-12 13:57:05.305 [Thread-0] TRACE Method 'BatchAutorouter.autoroute_pass #93 on board '269480b520aef25b1a4b19852fb156f3' making 6 changes' was performed in 0.17 seconds.
2022-12-12 13:57:05.493 [Thread-0] TRACE Method 'BatchAutorouter.autoroute_pass #94 on board '0672d1ecd869f9c83de9bbb2176ad4a2' making 6 changes' was performed in 0.17 seconds.
2022-12-12 13:57:05.666 [Thread-0] TRACE Method 'BatchAutorouter.autoroute_pass #95 on board 'fb876d3e4c8a555af159b7c4b2b3d3b6' making 6 changes' was performed in 0.16 seconds.
2022-12-12 13:57:05.838 [Thread-0] TRACE Method 'BatchAutorouter.autoroute_pass #96 on board '36505d3c4cad9f6055e2ccb2f1b54ea9' making 6 changes' was performed in 0.17 seconds.
2022-12-12 13:57:06.017 [Thread-0] TRACE Method 'BatchAutorouter.autoroute_pass #97 on board '66917b9f73075380633ff83ec8ea4f25' making 6 changes' was performed in 0.18 seconds.
2022-12-12 13:57:06.199 [Thread-0] TRACE Method 'BatchAutorouter.autoroute_pass #98 on board 'c5cd5b6541f293d5fd1cf5d1de99d2b3' making 6 changes' was performed in 0.17 seconds.
2022-12-12 13:57:06.372 [Thread-0] TRACE Method 'BatchAutorouter.autoroute_pass #99 on board 'dded333ac61f09a512c0db343b11766a' making 6 changes' was performed in 0.15 seconds.
2022-12-12 13:57:06.561 [Thread-0] TRACE Method 'BatchAutorouter.autoroute_pass #100 on board 'a497d9cf8f1ec3ae720972681515a9d0' making 6 changes' was performed in 0.17 seconds.
2022-12-12 13:57:06.733 [Thread-0] TRACE Method 'BatchAutorouter.autoroute_pass #101 on board '652fd00e7b29b984c61995228b4321c2' making 6 changes' was performed in 0.17 seconds.
2022-12-12 13:57:06.905 [Thread-0] TRACE Method 'BatchAutorouter.autoroute_pass #102 on board 'f8a3ccf9ec4e6f44e1f913cdd122fd5e' making 6 changes' was performed in 0.17 seconds.
2022-12-12 13:57:07.110 [Thread-0] TRACE Method 'BatchAutorouter.autoroute_pass #103 on board '7c60fc07053c9a001b5a8bf14b6538a7' making 6 changes' was performed in 0.19 seconds.
2022-12-12 13:57:07.308 [Thread-0] TRACE Method 'BatchAutorouter.autoroute_pass #104 on board 'cb722c7d29ae54cc4952f001c81933eb' making 6 changes' was performed in 0.18 seconds.
2022-12-12 13:57:07.471 [Thread-0] TRACE Method 'BatchAutorouter.autoroute_pass #105 on board '7ecdca3c98c202d4307c33f2205d72d3' making 6 changes' was performed in 0.15 seconds.
2022-12-12 13:57:07.643 [Thread-0] WARN  There were only 6.35 changes in the last 100 passes, so it's very likely that autorouter can't improve the result much further. It is recommended to stop it and finish the board manually.
2022-12-12 13:57:07.643 [Thread-0] TRACE Method 'BatchAutorouter.autoroute_pass #106 on board 'fcc8fcff355cdcec5b94be63040df6d9' making 6 changes' was performed in 0.16 seconds.
2022-12-12 13:57:07.821 [Thread-0] TRACE Method 'BatchAutorouter.autoroute_pass #107 on board '1e81a898be36f4688266ed65853dafdb' making 6 changes' was performed in 0.16 seconds.
2022-12-12 13:57:08.021 [Thread-0] TRACE Method 'BatchAutorouter.autoroute_pass #108 on board 'f7ae90776c465fbdcd06c419352ac521' making 6 changes' was performed in 0.19 seconds.
2022-12-12 13:57:08.221 [Thread-0] TRACE Method 'BatchAutorouter.autoroute_pass #109 on board 'f5d7fdd988d65c192d79779cab410e4d' making 6 changes' was performed in 0.18 seconds.
2022-12-12 13:57:08.428 [Thread-0] TRACE Method 'BatchAutorouter.autoroute_pass #110 on board '3839c4755749d6306cea678aeb2596f5' making 6 changes' was performed in 0.19 seconds.
2022-12-12 13:57:08.584 [Thread-0] TRACE Method 'BatchAutorouter.autoroute_pass #111 on board '647a82f2fc11d5d3f0aa2d78b9aa3862' making 6 changes' was performed in 0.14 seconds.
2022-12-12 13:57:08.757 [Thread-0] TRACE Method 'BatchAutorouter.autoroute_pass #112 on board 'ed266efb94bbaeb22cd34048fa73cc58' making 6 changes' was performed in 0.16 seconds.
2022-12-12 13:57:08.930 [Thread-0] TRACE Method 'BatchAutorouter.autoroute_pass #113 on board 'b7405192bbe771c70059faff2d9e4a66' making 6 changes' was performed in 0.16 seconds.
2022-12-12 13:57:09.102 [Thread-0] TRACE Method 'BatchAutorouter.autoroute_pass #114 on board '89f23fe5077aff00690416777dddbe9b' making 6 changes' was performed in 0.16 seconds.
2022-12-12 13:57:09.306 [Thread-0] TRACE Method 'BatchAutorouter.autoroute_pass #115 on board '24ca156f1476fd8a4be5b9aac7a1abe5' making 6 changes' was performed in 0.18 seconds.
2022-12-12 13:57:09.495 [Thread-0] TRACE Method 'BatchAutorouter.autoroute_pass #116 on board 'c66765b83889cdf6061ae2eb19759110' making 6 changes' was performed in 0.17 seconds.
2022-12-12 13:57:09.667 [Thread-0] TRACE Method 'BatchAutorouter.autoroute_pass #117 on board 'f0c9a993c2e5beecc11e6aff4036affe' making 6 changes' was performed in 0.17 seconds.
2022-12-12 13:57:09.824 [Thread-0] TRACE Method 'BatchAutorouter.autoroute_pass #118 on board 'a51503c40e90b2289b1beffbc7ca8500' making 6 changes' was performed in 0.16 seconds.
2022-12-12 13:57:10.012 [Thread-0] TRACE Method 'BatchAutorouter.autoroute_pass #119 on board 'a446c89e5bbc1f00cf402c97aa9bf613' making 6 changes' was performed in 0.17 seconds.
2022-12-12 13:57:10.200 [Thread-0] TRACE Method 'BatchAutorouter.autoroute_pass #120 on board '73905e4584222bc7472c52ce39abd4b1' making 6 changes' was performed in 0.17 seconds.
2022-12-12 13:57:10.389 [Thread-0] TRACE Method 'BatchAutorouter.autoroute_pass #121 on board '3f29d24ad95a40d922b161f6e786382c' making 6 changes' was performed in 0.17 seconds.
2022-12-12 13:57:10.562 [Thread-0] TRACE Method 'BatchAutorouter.autoroute_pass #122 on board '92cb70e54ef2da7960abaaeb140c946b' making 6 changes' was performed in 0.16 seconds.
2022-12-12 13:57:10.735 [Thread-0] TRACE Method 'BatchAutorouter.autoroute_pass #123 on board '50c796bb85d051fbea610ac2260caf8b' making 6 changes' was performed in 0.16 seconds.
2022-12-12 13:57:10.907 [Thread-0] TRACE Method 'BatchAutorouter.autoroute_pass #124 on board '22077809b67765746360fd9c12c1c5bd' making 6 changes' was performed in 0.16 seconds.
2022-12-12 13:57:11.080 [Thread-0] TRACE Method 'BatchAutorouter.autoroute_pass #125 on board '51367a89689b9cc62b54d2004e8e5b4c' making 6 changes' was performed in 0.15 seconds.
2022-12-12 13:57:11.253 [Thread-0] TRACE Method 'BatchAutorouter.autoroute_pass #126 on board 'cb4f323dfee35195dfa3007e1c78baf8' making 6 changes' was performed in 0.16 seconds.
2022-12-12 13:57:11.442 [Thread-0] WARN  There were only 6.18 changes in the last 120 passes, so it's very likely that autorouter can't improve the result much further. It is recommended to stop it and finish the board manually.
2022-12-12 13:57:11.442 [Thread-0] TRACE Method 'BatchAutorouter.autoroute_pass #127 on board '2f9a3baf353a68bdc60ec01964ea6f4a' making 6 changes' was performed in 0.17 seconds.
2022-12-12 13:57:11.677 [Thread-0] TRACE Method 'BatchAutorouter.autoroute_pass #128 on board 'e6901e4a03c0deeee2110b9ce1a7c803' making 6 changes' was performed in 0.22 seconds.
2022-12-12 13:57:11.849 [Thread-0] TRACE Method 'BatchAutorouter.autoroute_pass #129 on board 'e9e3f719b4ec854979b3e3d0057ed0f1' making 6 changes' was performed in 0.16 seconds.
2022-12-12 13:57:12.027 [Thread-0] TRACE Method 'BatchAutorouter.autoroute_pass #130 on board '7f6aa5248348451ebadd622b3ecec81f' making 6 changes' was performed in 0.16 seconds.
2022-12-12 13:57:12.210 [Thread-0] TRACE Method 'BatchAutorouter.autoroute_pass #131 on board 'd7cadaf0a094299a2a437001b3665b3a' making 6 changes' was performed in 0.17 seconds.
2022-12-12 13:57:12.383 [Thread-0] TRACE Method 'BatchAutorouter.autoroute_pass #132 on board 'a27959c4fa2c9ec839cfc1b6a7ce74d7' making 6 changes' was performed in 0.15 seconds.
2022-12-12 13:57:12.602 [Thread-0] TRACE Method 'BatchAutorouter.autoroute_pass #133 on board '4b6c7026718b8d0c241585a2b2fe9c67' making 6 changes' was performed in 0.20 seconds.
2022-12-12 13:57:12.775 [Thread-0] TRACE Method 'BatchAutorouter.autoroute_pass #134 on board 'bff04eef71385b8b2efb2ea4a3377611' making 6 changes' was performed in 0.16 seconds.
2022-12-12 13:57:12.948 [Thread-0] TRACE Method 'BatchAutorouter.autoroute_pass #135 on board '54ae45c90859e0946966d73d0a315fc2' making 6 changes' was performed in 0.16 seconds.
2022-12-12 13:57:13.120 [Thread-0] TRACE Method 'BatchAutorouter.autoroute_pass #136 on board '1a2ebe4ed42cce65d6b1802473b250b0' making 6 changes' was performed in 0.16 seconds.
2022-12-12 13:57:13.293 [Thread-0] TRACE Method 'BatchAutorouter.autoroute_pass #137 on board 'c5f457059ee6d7677f484e8be983876a' making 6 changes' was performed in 0.16 seconds.
2022-12-12 13:57:13.482 [Thread-0] TRACE Method 'BatchAutorouter.autoroute_pass #138 on board '32372a11946b8a8e59dd1152101e83b7' making 6 changes' was performed in 0.16 seconds.
2022-12-12 13:57:13.654 [Thread-0] TRACE Method 'BatchAutorouter.autoroute_pass #139 on board '1d5680f5d7a4a3e9913e3c1c46b327c9' making 6 changes' was performed in 0.16 seconds.
2022-12-12 13:57:13.843 [Thread-0] TRACE Method 'BatchAutorouter.autoroute_pass #140 on board 'c6c40f53715c2572126cc7832e3f713b' making 6 changes' was performed in 0.17 seconds.
2022-12-12 13:57:14.015 [Thread-0] TRACE Method 'BatchAutorouter.autoroute_pass #141 on board '8ed9413537567a072388124e16cb2189' making 6 changes' was performed in 0.16 seconds.
2022-12-12 13:57:14.188 [Thread-0] TRACE Method 'BatchAutorouter.autoroute_pass #142 on board '1851f577c23d76ac3dd2beefdcfcf229' making 6 changes' was performed in 0.16 seconds.
2022-12-12 13:57:14.376 [Thread-0] TRACE Method 'BatchAutorouter.autoroute_pass #143 on board '8bfcf5ce36a232978a88570eb05caf83' making 6 changes' was performed in 0.17 seconds.
2022-12-12 13:57:14.548 [Thread-0] TRACE Method 'BatchAutorouter.autoroute_pass #144 on board '9ca319fadf002e778e546da087a0bb5b' making 6 changes' was performed in 0.16 seconds.
2022-12-12 13:57:14.737 [Thread-0] TRACE Method 'BatchAutorouter.autoroute_pass #145 on board 'ce3ef1267a18c5284e1a18ed75f2960e' making 6 changes' was performed in 0.17 seconds.
2022-12-12 13:57:14.909 [Thread-0] TRACE Method 'BatchAutorouter.autoroute_pass #146 on board '16888c8b294613397629eacade5ce3ac' making 6 changes' was performed in 0.16 seconds.
2022-12-12 13:57:15.082 [Thread-0] TRACE Method 'BatchAutorouter.autoroute_pass #147 on board 'f80608a8b180187eb7ef3c56f6623050' making 6 changes' was performed in 0.15 seconds.
2022-12-12 13:57:15.255 [Thread-0] WARN  There were only 6.04 changes in the last 140 passes, so it's very likely that autorouter can't improve the result much further. It is recommended to stop it and finish the board manually.
2022-12-12 13:57:15.255 [Thread-0] TRACE Method 'BatchAutorouter.autoroute_pass #148 on board '335a606593848eb4988330cc1587cb6b' making 6 changes' was performed in 0.16 seconds.
2022-12-12 13:57:15.443 [Thread-0] TRACE Method 'BatchAutorouter.autoroute_pass #149 on board '1270ced7be08d8ee90cf89378e5164d7' making 6 changes' was performed in 0.17 seconds.
2022-12-12 13:57:15.615 [Thread-0] TRACE Method 'BatchAutorouter.autoroute_pass #150 on board 'c5ad10214d27a3750a24b17ab721d4ff' making 6 changes' was performed in 0.17 seconds.
2022-12-12 13:57:15.788 [Thread-0] TRACE Method 'BatchAutorouter.autoroute_pass #151 on board '679524d9c436df8dd6474bf93a6d558b' making 6 changes' was performed in 0.16 seconds.
2022-12-12 13:57:16.008 [Thread-0] TRACE Method 'BatchAutorouter.autoroute_pass #152 on board 'b0f3adcf3e94e508450dea27f6443a7a' making 6 changes' was performed in 0.19 seconds.
2022-12-12 13:57:16.165 [Thread-0] TRACE Method 'BatchAutorouter.autoroute_pass #153 on board '34a4197e1f0162a95f95a731d257302a' making 6 changes' was performed in 0.16 seconds.
2022-12-12 13:57:16.353 [Thread-0] TRACE Method 'BatchAutorouter.autoroute_pass #154 on board '1db3fe33d6bac9b46fdecf596fe1964e' making 6 changes' was performed in 0.17 seconds.
2022-12-12 13:57:16.525 [Thread-0] TRACE Method 'BatchAutorouter.autoroute_pass #155 on board '605ccc86bd97add55a87aba21ac62fb3' making 6 changes' was performed in 0.16 seconds.
2022-12-12 13:57:16.714 [Thread-0] TRACE Method 'BatchAutorouter.autoroute_pass #156 on board '6777362508e32e79bd1e375f7319e072' making 6 changes' was performed in 0.17 seconds.
2022-12-12 13:57:16.936 [Thread-0] TRACE Method 'BatchAutorouter.autoroute_pass #157 on board '5a49ee1de3557cbd7baa75f6515ca1fe' making 6 changes' was performed in 0.22 seconds.
2022-12-12 13:57:17.139 [Thread-0] TRACE Method 'BatchAutorouter.autoroute_pass #158 on board 'd19cfe631b1c89f6255f8c97e3a5ebcd' making 6 changes' was performed in 0.19 seconds.
2022-12-12 13:57:17.311 [Thread-0] TRACE Method 'BatchAutorouter.autoroute_pass #159 on board '239997a52463b9bca1a1d65c20a00129' making 6 changes' was performed in 0.17 seconds.
2022-12-12 13:57:17.499 [Thread-0] TRACE Method 'BatchAutorouter.autoroute_pass #160 on board 'a11a7445d6f1fe0690bbc9683eca7b6c' making 6 changes' was performed in 0.19 seconds.
2022-12-12 13:57:17.672 [Thread-0] TRACE Method 'BatchAutorouter.autoroute_pass #161 on board 'a8ae8b3e18ee7c1d220a69e5dde87108' making 6 changes' was performed in 0.16 seconds.
2022-12-12 13:57:17.844 [Thread-0] TRACE Method 'BatchAutorouter.autoroute_pass #162 on board '4947c389778171367f5817dc2480bf73' making 6 changes' was performed in 0.16 seconds.
2022-12-12 13:57:18.017 [Thread-0] TRACE Method 'BatchAutorouter.autoroute_pass #163 on board '16b7a714d6ebeb19d640f075482ac9eb' making 6 changes' was performed in 0.17 seconds.
2022-12-12 13:57:18.189 [Thread-0] TRACE Method 'BatchAutorouter.autoroute_pass #164 on board '4e2c8bd4506b1d0cdf508e04ad6bb35a' making 6 changes' was performed in 0.15 seconds.
2022-12-12 13:57:18.378 [Thread-0] TRACE Method 'BatchAutorouter.autoroute_pass #165 on board '463f3e8e111125837896a040608746f4' making 6 changes' was performed in 0.16 seconds.
2022-12-12 13:57:18.551 [Thread-0] TRACE Method 'BatchAutorouter.autoroute_pass #166 on board 'd9afd2dd06d0501a635d63c43e64d008' making 6 changes' was performed in 0.16 seconds.
2022-12-12 13:57:18.723 [Thread-0] TRACE Method 'BatchAutorouter.autoroute_pass #167 on board '341b2532fedd2525a70947b641de7d78' making 6 changes' was performed in 0.16 seconds.
2022-12-12 13:57:18.896 [Thread-0] TRACE Method 'BatchAutorouter.autoroute_pass #168 on board '3e00b574a7ed48d53c9e3f14358b3853' making 6 changes' was performed in 0.16 seconds.
2022-12-12 13:57:19.084 [Thread-0] WARN  There were only 6.03 changes in the last 160 passes, so it's very likely that autorouter can't improve the result much further. It is recommended to stop it and finish the board manually.
2022-12-12 13:57:19.084 [Thread-0] TRACE Method 'BatchAutorouter.autoroute_pass #169 on board '682fc9a78b70a8a49851cf091c4c4b9e' making 6 changes' was performed in 0.17 seconds.
2022-12-12 13:57:19.256 [Thread-0] TRACE Method 'BatchAutorouter.autoroute_pass #170 on board '71c755adaacb4cc2f6ffcfafa6041d5c' making 6 changes' was performed in 0.16 seconds.
2022-12-12 13:57:19.429 [Thread-0] TRACE Method 'BatchAutorouter.autoroute_pass #171 on board '27bd367558f0b7d7da4c0a6c75a54f3e' making 6 changes' was performed in 0.16 seconds.
2022-12-12 13:57:19.617 [Thread-0] TRACE Method 'BatchAutorouter.autoroute_pass #172 on board '83719c03c69f8016407fb03f72742641' making 6 changes' was performed in 0.17 seconds.
2022-12-12 13:57:19.790 [Thread-0] TRACE Method 'BatchAutorouter.autoroute_pass #173 on board '95cf81262956f8b34456548e6a4a1dca' making 6 changes' was performed in 0.16 seconds.
2022-12-12 13:57:19.963 [Thread-0] TRACE Method 'BatchAutorouter.autoroute_pass #174 on board '8e4fb528de4751a941e348e8db39ddc3' making 6 changes' was performed in 0.16 seconds.
2022-12-12 13:57:20.141 [Thread-0] TRACE Method 'BatchAutorouter.autoroute_pass #175 on board '941aeda0b4fceddb7ec210e4197febfc' making 6 changes' was performed in 0.18 seconds.
2022-12-12 13:57:20.307 [Thread-0] TRACE Method 'BatchAutorouter.autoroute_pass #176 on board '1c08d1e062ced087e4fade0b3f2d456e' making 6 changes' was performed in 0.16 seconds.
2022-12-12 13:57:20.496 [Thread-0] TRACE Method 'BatchAutorouter.autoroute_pass #177 on board '06f2886874a480b50bb1c090eda9240c' making 6 changes' was performed in 0.17 seconds.
2022-12-12 13:57:20.684 [Thread-0] TRACE Method 'BatchAutorouter.autoroute_pass #178 on board 'afb6f7ed486c5a7e9887ef8904753a23' making 6 changes' was performed in 0.17 seconds.
2022-12-12 13:57:20.857 [Thread-0] TRACE Method 'BatchAutorouter.autoroute_pass #179 on board '6e3b244e216e51a9f9f6ec6b94b6cc27' making 6 changes' was performed in 0.16 seconds.
2022-12-12 13:57:21.029 [Thread-0] TRACE Method 'BatchAutorouter.autoroute_pass #180 on board 'fa46129b6f923f739f24b578b11f5869' making 6 changes' was performed in 0.17 seconds.
2022-12-12 13:57:21.201 [Thread-0] TRACE Method 'BatchAutorouter.autoroute_pass #181 on board '6efa1dafd8735bca3c76f7d8b1b404a1' making 6 changes' was performed in 0.16 seconds.
2022-12-12 13:57:21.374 [Thread-0] TRACE Method 'BatchAutorouter.autoroute_pass #182 on board 'aac3a12ae27f177375de4869b950ea40' making 6 changes' was performed in 0.16 seconds.
2022-12-12 13:57:21.547 [Thread-0] TRACE Method 'BatchAutorouter.autoroute_pass #183 on board '4fa01c80b95d00234ff17bd213a93245' making 6 changes' was performed in 0.16 seconds.
2022-12-12 13:57:21.744 [Thread-0] TRACE Method 'BatchAutorouter.autoroute_pass #184 on board 'a3eb96e4d946818696d139c6d8ced526' making 6 changes' was performed in 0.17 seconds.
2022-12-12 13:57:21.907 [Thread-0] TRACE Method 'BatchAutorouter.autoroute_pass #185 on board '7f7d2ad127bf863ad7d3223a006ef8dd' making 6 changes' was performed in 0.16 seconds.
2022-12-12 13:57:22.095 [Thread-0] TRACE Method 'BatchAutorouter.autoroute_pass #186 on board 'c86ffd39f6f9175960b2c8449eee06c8' making 6 changes' was performed in 0.17 seconds.
2022-12-12 13:57:22.284 [Thread-0] TRACE Method 'BatchAutorouter.autoroute_pass #187 on board '78ef160a19e879aad84d8d219ad180b5' making 6 changes' was performed in 0.17 seconds.
2022-12-12 13:57:22.456 [Thread-0] TRACE Method 'BatchAutorouter.autoroute_pass #188 on board 'a9643b6b3f3337a6ca197fe0a89e3ccc' making 6 changes' was performed in 0.15 seconds.
2022-12-12 13:57:22.646 [Thread-0] TRACE Method 'BatchAutorouter.autoroute_pass #189 on board '8fa988b6518f23f26e28ee6fff3897b6' making 6 changes' was performed in 0.17 seconds.
2022-12-12 13:57:22.817 [Thread-0] WARN  There were only 6.00 changes in the last 180 passes, so it's very likely that autorouter can't improve the result much further. It is recommended to stop it and finish the board manually.
2022-12-12 13:57:22.817 [Thread-0] TRACE Method 'BatchAutorouter.autoroute_pass #190 on board '24c689d2d1fa78b7683138593b5ae660' making 6 changes' was performed in 0.16 seconds.
2022-12-12 13:57:22.990 [Thread-0] TRACE Method 'BatchAutorouter.autoroute_pass #191 on board 'dfda0ed0318c243f1a4708d8ca1a71e2' making 6 changes' was performed in 0.16 seconds.
2022-12-12 13:57:23.162 [Thread-0] TRACE Method 'BatchAutorouter.autoroute_pass #192 on board 'b511fac416ba1e78ec6ea880214d236e' making 6 changes' was performed in 0.16 seconds.
2022-12-12 13:57:23.351 [Thread-0] TRACE Method 'BatchAutorouter.autoroute_pass #193 on board '3869830eac5fa6956f0de1d0d678fe74' making 6 changes' was performed in 0.17 seconds.
2022-12-12 13:57:23.523 [Thread-0] TRACE Method 'BatchAutorouter.autoroute_pass #194 on board 'debee1f725fcaf5420bddb3af895149d' making 6 changes' was performed in 0.16 seconds.
2022-12-12 13:57:23.711 [Thread-0] TRACE Method 'BatchAutorouter.autoroute_pass #195 on board 'a659293b895cce137093bab7bd4bad1b' making 6 changes' was performed in 0.17 seconds.
2022-12-12 13:57:23.884 [Thread-0] TRACE Method 'BatchAutorouter.autoroute_pass #196 on board '5c049867281f3aa62d0ddd8f3a132f11' making 6 changes' was performed in 0.16 seconds.
2022-12-12 13:57:24.057 [Thread-0] TRACE Method 'BatchAutorouter.autoroute_pass #197 on board '352ad9bf5c7761dc74006c3e218c3b6e' making 6 changes' was performed in 0.16 seconds.
2022-12-12 13:57:24.229 [Thread-0] TRACE Method 'BatchAutorouter.autoroute_pass #198 on board 'd6f10fd57c5917a146fd82bd33561f63' making 6 changes' was performed in 0.16 seconds.
2022-12-12 13:57:24.402 [Thread-0] TRACE Method 'BatchAutorouter.autoroute_pass #199 on board 'ff6e7e3ca43e55a9c98d1a90d56be7ab' making 6 changes' was performed in 0.15 seconds.
2022-12-12 13:57:24.590 [Thread-0] TRACE Method 'BatchAutorouter.autoroute_pass #200 on board '3de3cd7c93d042cdb040ecaeb3063709' making 6 changes' was performed in 0.17 seconds.
2022-12-12 13:57:24.763 [Thread-0] TRACE Method 'BatchAutorouter.autoroute_pass #201 on board '6604aac7d9f2bac90a85275de317c32b' making 6 changes' was performed in 0.16 seconds.
2022-12-12 13:57:24.935 [Thread-0] TRACE Method 'BatchAutorouter.autoroute_pass #202 on board 'c6e1f75d1011e5948a7c1db129f71f02' making 6 changes' was performed in 0.16 seconds.
2022-12-12 13:57:25.108 [Thread-0] TRACE Method 'BatchAutorouter.autoroute_pass #203 on board '432dafe6198f60319383208816e0966a' making 6 changes' was performed in 0.16 seconds.
2022-12-12 13:57:25.281 [Thread-0] TRACE Method 'BatchAutorouter.autoroute_pass #204 on board '925a4ef7faf96238ef50f0c2a5e8b4d5' making 6 changes' was performed in 0.16 seconds.
2022-12-12 13:57:25.469 [Thread-0] TRACE Method 'BatchAutorouter.autoroute_pass #205 on board '5dab22de3a460319796eba3edf224f2b' making 6 changes' was performed in 0.17 seconds.
2022-12-12 13:57:25.658 [Thread-0] TRACE Method 'BatchAutorouter.autoroute_pass #206 on board 'db00ac355d3807cfb9c299c8f438dcbd' making 6 changes' was performed in 0.17 seconds.
2022-12-12 13:57:25.845 [Thread-0] TRACE Method 'BatchAutorouter.autoroute_pass #207 on board '5c8340698418cd572eac6dfa9d1b47dc' making 6 changes' was performed in 0.17 seconds.
2022-12-12 13:57:26.018 [Thread-0] TRACE Method 'BatchAutorouter.autoroute_pass #208 on board '00e843a9617ff900834977c7ec2b9d8a' making 6 changes' was performed in 0.17 seconds.
2022-12-12 13:57:26.190 [Thread-0] TRACE Method 'BatchAutorouter.autoroute_pass #209 on board 'd4700c797aa27698e58232f0de8c01b5' making 6 changes' was performed in 0.16 seconds.
2022-12-12 13:57:26.363 [Thread-0] TRACE Method 'BatchAutorouter.autoroute_pass #210 on board '052ce25cf701c0f60576c7076155a076' making 6 changes' was performed in 0.17 seconds.
2022-12-12 13:57:26.536 [Thread-0] WARN  There were only 6.00 changes in the last 200 passes, so it's very likely that autorouter can't improve the result much further. It is recommended to stop it and finish the board manually.
2022-12-12 13:57:26.536 [Thread-0] WARN  There was so little change during the recent passes that autorouter will be stopped now.
2022-12-12 13:57:26.536 [Thread-0] TRACE Method 'BatchAutorouter.autoroute_pass #211 on board '25d1c530936628daecbbc4b44e7ebdc8' making 6 changes' was performed in 0.17 seconds.
2022-12-12 13:57:26.536 [Thread-0] TRACE Method 'BatchAutorouterThread.thread_action()-autorouting' was performed in 51.24 seconds.
2022-12-12 13:57:26.536 [Thread-0] INFO  Auto-routing was completed in 51.24 seconds.
2022-12-12 13:57:26.536 [Thread-0] INFO  Starting route optimization on 11 threads...
2022-12-12 13:57:39.181 [Thread-4] WARN  CalcFromSide: start corner was not found
2022-12-12 13:57:39.941 [Thread-1] WARN  CalcFromSide: start corner was not found
2022-12-12 13:57:41.821 [Thread-0] TRACE Method 'BatchOptRouteMT.opt_route_pass #1 with 0 items, 60 vias and 2,503,114.25 trace length running on 11 threads.' was performed in 15.27 seconds.
2022-12-12 13:57:42.647 [Thread-22] WARN  CalcFromSide: start corner was not found
2022-12-12 13:57:42.929 [Thread-17] WARN  CalcFromSide: start corner was not found
2022-12-12 13:57:43.494 [Thread-17] WARN  CalcFromSide: start corner was not found
2022-12-12 13:57:43.936 [Thread-15] WARN  CalcFromSide: start corner was not found
2022-12-12 13:57:43.962 [Thread-15] WARN  CalcFromSide: start corner was not found
2022-12-12 13:57:44.469 [Thread-16] WARN  CalcFromSide: start corner was not found
2022-12-12 13:57:44.503 [Thread-16] WARN  CalcFromSide: start corner was not found
2022-12-12 13:57:44.581 [Thread-20] WARN  CalcFromSide: start corner was not found
2022-12-12 13:57:44.581 [Thread-13] WARN  CalcFromSide: start corner was not found
2022-12-12 13:57:44.612 [Thread-13] WARN  CalcFromSide: start corner was not found
2022-12-12 13:57:44.693 [Thread-15] WARN  CalcFromSide: start corner was not found
2022-12-12 13:57:44.801 [Thread-15] WARN  CalcFromSide: start corner was not found
2022-12-12 13:57:44.942 [Thread-18] WARN  CalcFromSide: start corner was not found
2022-12-12 13:57:44.942 [Thread-18] WARN  CalcFromSide: start corner was not found
2022-12-12 13:57:44.973 [Thread-12] WARN  CalcFromSide: start corner was not found
2022-12-12 13:57:44.989 [Thread-12] WARN  CalcFromSide: start corner was not found
2022-12-12 13:57:45.005 [Thread-22] WARN  CalcFromSide: start corner was not found
2022-12-12 13:57:45.005 [Thread-22] WARN  CalcFromSide: start corner was not found
2022-12-12 13:57:45.005 [Thread-22] WARN  CalcFromSide: start corner was not found
2022-12-12 13:57:46.222 [Thread-18] WARN  CalcFromSide: start corner was not found
2022-12-12 13:57:46.646 [Thread-16] WARN  CalcFromSide: start corner was not found
2022-12-12 13:57:46.646 [Thread-16] WARN  CalcFromSide: start corner was not found
2022-12-12 13:57:46.677 [Thread-13] WARN  CalcFromSide: start corner was not found
2022-12-12 13:57:46.677 [Thread-13] WARN  CalcFromSide: start corner was not found
2022-12-12 13:57:47.101 [Thread-20] WARN  CalcFromSide: start corner was not found
2022-12-12 13:57:47.133 [Thread-20] WARN  CalcFromSide: start corner was not found
2022-12-12 13:57:47.298 [Thread-13] WARN  CalcFromSide: start corner was not found
2022-12-12 13:57:47.298 [Thread-16] WARN  CalcFromSide: start corner was not found
2022-12-12 13:57:47.303 [Thread-13] WARN  CalcFromSide: start corner was not found
2022-12-12 13:57:47.303 [Thread-16] WARN  CalcFromSide: start corner was not found
2022-12-12 13:57:47.522 [Thread-20] WARN  CalcFromSide: start corner was not found
2022-12-12 13:57:47.537 [Thread-20] WARN  CalcFromSide: start corner was not found
2022-12-12 13:57:48.024 [Thread-20] WARN  CalcFromSide: start corner was not found
2022-12-12 13:57:48.040 [Thread-20] WARN  CalcFromSide: start corner was not found
2022-12-12 13:57:48.244 [Thread-22] WARN  CalcFromSide: start corner was not found
2022-12-12 13:57:48.259 [Thread-22] WARN  CalcFromSide: start corner was not found
2022-12-12 13:57:48.441 [Thread-12] WARN  CalcFromSide: start corner was not found
2022-12-12 13:57:48.614 [Thread-14] WARN  CalcFromSide: start corner was not found
2022-12-12 13:57:48.629 [Thread-22] WARN  CalcFromSide: start corner was not found
2022-12-12 13:57:48.645 [Thread-22] WARN  CalcFromSide: start corner was not found
2022-12-12 13:57:48.661 [Thread-14] WARN  CalcFromSide: start corner was not found
2022-12-12 13:57:48.770 [Thread-21] WARN  CalcFromSide: start corner was not found
2022-12-12 13:57:48.943 [Thread-13] WARN  CalcFromSide: start corner was not found
2022-12-12 13:57:49.069 [Thread-22] WARN  CalcFromSide: start corner was not found
2022-12-12 13:57:49.069 [Thread-22] WARN  CalcFromSide: start corner was not found
2022-12-12 13:57:49.116 [Thread-12] WARN  CalcFromSide: start corner was not found
2022-12-12 13:57:49.689 [Thread-18] WARN  CalcFromSide: start corner was not found
2022-12-12 13:57:50.018 [Thread-15] WARN  CalcFromSide: start corner was not found
2022-12-12 13:57:50.175 [Thread-13] WARN  CalcFromSide: start corner was not found
2022-12-12 13:57:50.373 [Thread-19] WARN  CalcFromSide: start corner was not found
2022-12-12 13:57:50.704 [Thread-19] WARN  CalcFromSide: start corner was not found
2022-12-12 13:57:50.719 [Thread-15] WARN  CalcFromSide: start corner was not found
2022-12-12 13:57:51.158 [Thread-16] WARN  CalcFromSide: start corner was not found
2022-12-12 13:57:51.190 [Thread-16] WARN  CalcFromSide: start corner was not found
2022-12-12 13:57:51.268 [Thread-15] WARN  CalcFromSide: start corner was not found
2022-12-12 13:57:51.832 [Thread-15] WARN  CalcFromSide: start corner was not found
2022-12-12 13:57:52.977 [Thread-0] TRACE Method 'BatchOptRouteMT.opt_route_pass #2 with 223 items, 59 vias and 2,547,461.68 trace length running on 11 threads.' was performed in 11.15 seconds.
2022-12-12 13:57:53.181 [Thread-23] WARN  CalcFromSide: start corner was not found
2022-12-12 13:57:53.370 [Thread-31] WARN  CalcFromSide: start corner was not found
2022-12-12 13:57:54.521 [Thread-29] WARN  CalcFromSide: start corner was not found
2022-12-12 13:57:55.880 [Thread-27] WARN  CalcFromSide: start corner was not found
2022-12-12 13:57:56.173 [Thread-26] WARN  CalcFromSide: start corner was not found
2022-12-12 13:57:56.220 [Thread-31] WARN  CalcFromSide: start corner was not found
2022-12-12 13:57:56.996 [Thread-24] WARN  CalcFromSide: start corner was not found
2022-12-12 13:57:57.011 [Thread-24] WARN  CalcFromSide: start corner was not found
2022-12-12 13:57:57.172 [Thread-23] WARN  CalcFromSide: start corner was not found
2022-12-12 13:57:57.203 [Thread-28] WARN  CalcFromSide: start corner was not found
2022-12-12 13:57:57.203 [Thread-28] WARN  CalcFromSide: start corner was not found
2022-12-12 13:57:57.424 [Thread-24] WARN  CalcFromSide: start corner was not found
2022-12-12 13:57:57.424 [Thread-24] WARN  CalcFromSide: start corner was not found
2022-12-12 13:57:58.733 [Thread-24] WARN  CalcFromSide: start corner was not found
2022-12-12 13:57:59.343 [Thread-24] WARN  CalcFromSide: start corner was not found
2022-12-12 13:57:59.735 [Thread-29] WARN  CalcFromSide: start corner was not found
2022-12-12 13:58:01.129 [Thread-31] WARN  CalcFromSide: start corner was not found
2022-12-12 13:58:01.129 [Thread-31] WARN  CalcFromSide: start corner was not found
2022-12-12 13:58:02.199 [Thread-0] TRACE Method 'BatchOptRouteMT.opt_route_pass #3 with 219 items, 56 vias and 2,566,151.14 trace length running on 11 threads.' was performed in 9.22 seconds.
2022-12-12 13:58:02.923 [Thread-35] WARN  CalcFromSide: start corner was not found
2022-12-12 13:58:02.970 [Thread-34] WARN  CalcFromSide: start corner was not found
2022-12-12 13:58:02.986 [Thread-34] WARN  CalcFromSide: start corner was not found
2022-12-12 13:58:03.206 [Thread-41] WARN  CalcFromSide: start corner was not found
2022-12-12 13:58:03.206 [Thread-41] WARN  CalcFromSide: start corner was not found
2022-12-12 13:58:04.121 [Thread-37] WARN  CalcFromSide: start corner was not found
2022-12-12 13:58:04.131 [Thread-37] WARN  CalcFromSide: start corner was not found
2022-12-12 13:58:04.701 [Thread-38] WARN  CalcFromSide: start corner was not found
2022-12-12 13:58:04.701 [Thread-42] WARN  CalcFromSide: start corner was not found
2022-12-12 13:58:04.717 [Thread-38] WARN  CalcFromSide: start corner was not found
2022-12-12 13:58:04.717 [Thread-42] WARN  CalcFromSide: start corner was not found
2022-12-12 13:58:04.748 [Thread-44] WARN  CalcFromSide: start corner was not found
2022-12-12 13:58:04.764 [Thread-44] WARN  CalcFromSide: start corner was not found
2022-12-12 13:58:05.112 [Thread-34] WARN  CalcFromSide: start corner was not found
2022-12-12 13:58:06.052 [Thread-41] WARN  CalcFromSide: start corner was not found
2022-12-12 13:58:06.222 [Thread-39] WARN  CalcFromSide: start corner was not found
2022-12-12 13:58:06.409 [Thread-41] WARN  CalcFromSide: start corner was not found
2022-12-12 13:58:06.551 [Thread-39] WARN  CalcFromSide: start corner was not found
2022-12-12 13:58:07.093 [Thread-36] WARN  CalcFromSide: start corner was not found
2022-12-12 13:58:07.360 [Thread-36] WARN  CalcFromSide: start corner was not found
2022-12-12 13:58:07.939 [Thread-36] WARN  CalcFromSide: start corner was not found
2022-12-12 13:58:08.017 [Thread-36] WARN  CalcFromSide: start corner was not found
2022-12-12 13:58:08.080 [Thread-38] WARN  CalcFromSide: start corner was not found
2022-12-12 13:58:08.583 [Thread-44] WARN  CalcFromSide: start corner was not found
2022-12-12 13:58:08.614 [Thread-38] WARN  CalcFromSide: start corner was not found
2022-12-12 13:58:08.646 [Thread-38] WARN  CalcFromSide: start corner was not found
2022-12-12 13:58:09.162 [Thread-38] WARN  CalcFromSide: start corner was not found
2022-12-12 13:58:09.571 [Thread-38] WARN  CalcFromSide: start corner was not found
2022-12-12 13:58:09.602 [Thread-38] WARN  CalcFromSide: start corner was not found
2022-12-12 13:58:14.014 [Thread-0] TRACE Method 'BatchOptRouteMT.opt_route_pass #4 with 221 items, 55 vias and 2,550,070.49 trace length running on 11 threads.' was performed in 11.81 seconds.
2022-12-12 13:58:24.973 [Thread-0] TRACE Method 'BatchOptRouteMT.opt_route_pass #5 with 216 items, 53 vias and 2,530,892.36 trace length running on 11 threads.' was performed in 10.96 seconds.
2022-12-12 13:58:35.018 [Thread-0] TRACE Method 'BatchOptRouteMT.opt_route_pass #6 with 215 items, 53 vias and 2,510,217.85 trace length running on 11 threads.' was performed in 10.04 seconds.
2022-12-12 13:58:35.018 [Thread-0] TRACE Method 'BatchAutorouterThread.thread_action()-routeoptimization' was performed in 1 minute(s) 8.48 seconds.
2022-12-12 13:58:35.018 [Thread-0] INFO  Route optimization was completed in 1 minute(s) 8.48 seconds and it improved the design by ~50.42%.
2022-12-12 13:58:35.034 [Thread-0] TRACE Method 'BatchAutorouterThread.thread_action()' was performed in 1 minute(s) 59.75 seconds.
2022-12-12 13:58:35.034 [Thread-0] INFO  Saving 'C:\Users\crtak\HAN\Jeroen Veen - Effluent\07 Studentprojects\Casper Tak\WaterQualityMonitor\Hardware\Rastaban-HAT\Rastaban-HAT\freerouting.ses'...
