10-10 13:05:41 com_github_MitjaNemec_PlaceFootprints.action_place_footprints 378:Plugin executed on: 'win32'
10-10 13:05:41 com_github_MitjaNemec_PlaceFootprints.action_place_footprints 379:Plugin executed with python version: '3.9.10 (main, Jun 24 2022, 05:34:59) [MSC v.1932 64 bit (AMD64)]'
10-10 13:05:41 com_github_MitjaNemec_PlaceFootprints.action_place_footprints 380:KiCad build version: (6.0.6)
10-10 13:05:41 com_github_MitjaNemec_PlaceFootprints.action_place_footprints 381:Plugin version: 1.2.5
10-10 13:05:41 com_github_MitjaNemec_PlaceFootprints.action_place_footprints 382:Frame repr: <wx._core.Frame object at 0x000001EACEDFCF70>
10-10 13:05:41 com_github_MitjaNemec_PlaceFootprints.place_footprints 121:getting a list of all footprints on board
10-10 13:05:41 com_github_MitjaNemec_PlaceFootprints.place_footprints 148:Footprint R30 on root level
10-10 13:05:41 com_github_MitjaNemec_PlaceFootprints.place_footprints 148:Footprint R3 on root level
10-10 13:05:41 com_github_MitjaNemec_PlaceFootprints.place_footprints 148:Footprint R5 on root level
10-10 13:05:41 com_github_MitjaNemec_PlaceFootprints.place_footprints 148:Footprint JP1 on root level
10-10 13:05:41 com_github_MitjaNemec_PlaceFootprints.place_footprints 148:Footprint JP4 on root level
10-10 13:05:41 com_github_MitjaNemec_PlaceFootprints.place_footprints 148:Footprint C3 on root level
10-10 13:05:41 com_github_MitjaNemec_PlaceFootprints.place_footprints 148:Footprint C2 on root level
10-10 13:05:41 com_github_MitjaNemec_PlaceFootprints.place_footprints 148:Footprint F1 on root level
10-10 13:05:41 com_github_MitjaNemec_PlaceFootprints.place_footprints 148:Footprint R18 on root level
10-10 13:05:41 com_github_MitjaNemec_PlaceFootprints.place_footprints 148:Footprint U10 on root level
10-10 13:05:41 com_github_MitjaNemec_PlaceFootprints.place_footprints 148:Footprint C4 on root level
10-10 13:05:41 com_github_MitjaNemec_PlaceFootprints.place_footprints 148:Footprint U2 on root level
10-10 13:05:41 com_github_MitjaNemec_PlaceFootprints.place_footprints 148:Footprint R14 on root level
10-10 13:05:41 com_github_MitjaNemec_PlaceFootprints.place_footprints 148:Footprint J1 on root level
10-10 13:05:41 com_github_MitjaNemec_PlaceFootprints.place_footprints 148:Footprint R28 on root level
10-10 13:05:41 com_github_MitjaNemec_PlaceFootprints.place_footprints 148:Footprint Q6 on root level
10-10 13:05:41 com_github_MitjaNemec_PlaceFootprints.place_footprints 148:Footprint R34 on root level
10-10 13:05:41 com_github_MitjaNemec_PlaceFootprints.place_footprints 148:Footprint F2 on root level
10-10 13:05:41 com_github_MitjaNemec_PlaceFootprints.place_footprints 148:Footprint Q4 on root level
10-10 13:05:41 com_github_MitjaNemec_PlaceFootprints.place_footprints 148:Footprint J9 on root level
10-10 13:05:41 com_github_MitjaNemec_PlaceFootprints.place_footprints 148:Footprint D2 on root level
10-10 13:05:41 com_github_MitjaNemec_PlaceFootprints.place_footprints 148:Footprint R27 on root level
10-10 13:05:41 com_github_MitjaNemec_PlaceFootprints.place_footprints 133:Footprint MH2 does not have Sheetfile property, it will not be considered for placement. Most likely it is only in layout
10-10 13:05:41 com_github_MitjaNemec_PlaceFootprints.place_footprints 148:Footprint J3 on root level
10-10 13:05:41 com_github_MitjaNemec_PlaceFootprints.place_footprints 148:Footprint TP1 on root level
10-10 13:05:41 com_github_MitjaNemec_PlaceFootprints.place_footprints 148:Footprint R13 on root level
10-10 13:05:41 com_github_MitjaNemec_PlaceFootprints.place_footprints 148:Footprint F4 on root level
10-10 13:05:41 com_github_MitjaNemec_PlaceFootprints.place_footprints 148:Footprint R33 on root level
10-10 13:05:41 com_github_MitjaNemec_PlaceFootprints.place_footprints 148:Footprint R2 on root level
10-10 13:05:41 com_github_MitjaNemec_PlaceFootprints.place_footprints 148:Footprint C20 on root level
10-10 13:05:41 com_github_MitjaNemec_PlaceFootprints.place_footprints 148:Footprint TP7 on root level
10-10 13:05:41 com_github_MitjaNemec_PlaceFootprints.place_footprints 148:Footprint Q5 on root level
10-10 13:05:41 com_github_MitjaNemec_PlaceFootprints.place_footprints 148:Footprint J4 on root level
10-10 13:05:41 com_github_MitjaNemec_PlaceFootprints.place_footprints 148:Footprint F5 on root level
10-10 13:05:41 com_github_MitjaNemec_PlaceFootprints.place_footprints 148:Footprint U9 on root level
10-10 13:05:41 com_github_MitjaNemec_PlaceFootprints.place_footprints 148:Footprint F6 on root level
10-10 13:05:41 com_github_MitjaNemec_PlaceFootprints.place_footprints 148:Footprint M1 on root level
10-10 13:05:41 com_github_MitjaNemec_PlaceFootprints.place_footprints 148:Footprint PE1 on root level
10-10 13:05:41 com_github_MitjaNemec_PlaceFootprints.place_footprints 148:Footprint D5 on root level
10-10 13:05:41 com_github_MitjaNemec_PlaceFootprints.place_footprints 148:Footprint C21 on root level
10-10 13:05:41 com_github_MitjaNemec_PlaceFootprints.place_footprints 148:Footprint Q1 on root level
10-10 13:05:41 com_github_MitjaNemec_PlaceFootprints.place_footprints 148:Footprint J2 on root level
10-10 13:05:41 com_github_MitjaNemec_PlaceFootprints.place_footprints 148:Footprint C1 on root level
10-10 13:05:41 com_github_MitjaNemec_PlaceFootprints.place_footprints 148:Footprint D1 on root level
10-10 13:05:41 com_github_MitjaNemec_PlaceFootprints.place_footprints 133:Footprint MH3 does not have Sheetfile property, it will not be considered for placement. Most likely it is only in layout
10-10 13:05:41 com_github_MitjaNemec_PlaceFootprints.place_footprints 148:Footprint R19 on root level
10-10 13:05:41 com_github_MitjaNemec_PlaceFootprints.place_footprints 148:Footprint U1 on root level
10-10 13:05:41 com_github_MitjaNemec_PlaceFootprints.place_footprints 148:Footprint D4 on root level
10-10 13:05:41 com_github_MitjaNemec_PlaceFootprints.place_footprints 148:Footprint R32 on root level
10-10 13:05:41 com_github_MitjaNemec_PlaceFootprints.place_footprints 148:Footprint C26 on root level
10-10 13:05:41 com_github_MitjaNemec_PlaceFootprints.place_footprints 148:Footprint D6 on root level
10-10 13:05:41 com_github_MitjaNemec_PlaceFootprints.place_footprints 148:Footprint R1 on root level
10-10 13:05:41 com_github_MitjaNemec_PlaceFootprints.place_footprints 148:Footprint F3 on root level
10-10 13:05:41 com_github_MitjaNemec_PlaceFootprints.place_footprints 148:Footprint R29 on root level
10-10 13:05:41 com_github_MitjaNemec_PlaceFootprints.place_footprints 148:Footprint Q2 on root level
10-10 13:05:41 com_github_MitjaNemec_PlaceFootprints.place_footprints 133:Footprint MH1 does not have Sheetfile property, it will not be considered for placement. Most likely it is only in layout
10-10 13:05:41 com_github_MitjaNemec_PlaceFootprints.place_footprints 148:Footprint J5 on root level
10-10 13:05:41 com_github_MitjaNemec_PlaceFootprints.place_footprints 148:Footprint J11 on root level
10-10 13:05:41 com_github_MitjaNemec_PlaceFootprints.place_footprints 148:Footprint R4 on root level
10-10 13:05:41 com_github_MitjaNemec_PlaceFootprints.place_footprints 148:Footprint R31 on root level
10-10 13:05:41 com_github_MitjaNemec_PlaceFootprints.place_footprints 148:Footprint C5 on root level
10-10 13:05:41 com_github_MitjaNemec_PlaceFootprints.place_footprints 148:Footprint J7 on root level
10-10 13:05:41 com_github_MitjaNemec_PlaceFootprints.place_footprints 148:Footprint FB1 on root level
10-10 13:05:41 com_github_MitjaNemec_PlaceFootprints.place_footprints 148:Footprint J6 on root level
10-10 13:05:41 com_github_MitjaNemec_PlaceFootprints.place_footprints 148:Footprint D3 on root level
10-10 13:05:41 com_github_MitjaNemec_PlaceFootprints.place_footprints 148:Footprint J8 on root level
10-10 13:05:41 com_github_MitjaNemec_PlaceFootprints.place_footprints 133:Footprint MH4 does not have Sheetfile property, it will not be considered for placement. Most likely it is only in layout
10-10 13:05:41 com_github_MitjaNemec_PlaceFootprints.place_footprints 148:Footprint C25 on root level
10-10 13:05:41 com_github_MitjaNemec_PlaceFootprints.place_footprints 148:Footprint J10 on root level
